<?xml version="1.0" encoding="UTF-8"?>
<testsuite name="chap2.StringCalculatorTest" tests="7" skipped="0" failures="0" errors="0" timestamp="2023-12-27T12:28:51" hostname="ihuiseung-ui-MacBookAir.local" time="0.036">
  <properties/>
  <testcase name="throwOnNegativeNumber()" classname="chap2.StringCalculatorTest" time="0.025"/>
  <testcase name="exceptionMessageShouldContainAllNegativeNumbers()" classname="chap2.StringCalculatorTest" time="0.001"/>
  <testcase name="returnNumberOnSingleNumberInput()" classname="chap2.StringCalculatorTest" time="0.002"/>
  <testcase name="returnSumOnTwoNumbersCommaDelimited()" classname="chap2.StringCalculatorTest" time="0.0"/>
  <testcase name="returnsZeroOnEmptyString()" classname="chap2.StringCalculatorTest" time="0.0"/>
  <testcase name="returnSumUsingCustomDelimiter()" classname="chap2.StringCalculatorTest" time="0.001"/>
  <testcase name="returnsZeroOnNull()" classname="chap2.StringCalculatorTest" time="0.001"/>
  <system-out><![CDATA[]]></system-out>
  <system-err><![CDATA[]]></system-err>
</testsuite>
